<?xml version="1.0" encoding="UTF-8"?>
<!-- Generated by org.testng.reporters.JUnitXMLReporter -->
<testsuite ignored="0" hostname="Marias-MacBook-Pro.local" failures="1" tests="7" name="Validating the features in the main section of the home page" time="17.079" errors="0" timestamp="2022-06-09T22:38:58 PDT">
  <testcase classname="automation.HomePageTest" name="checkBoxExample" time="0.274">
    <failure type="java.lang.AssertionError" message="expected [true] but found [false]">
      <![CDATA[java.lang.AssertionError: expected [true] but found [false]
at automation.HomePageTest.checkBoxExample(HomePageTest.java:128)
at java.base/java.util.ArrayList.forEach(ArrayList.java:1511)
... Removed 31 stack frames]]>
    </failure>
  </testcase> <!-- checkBoxExample -->
  <testcase classname="automation.HomePageTest" name="dropDownExample" time="0.588"/>
  <testcase classname="automation.HomePageTest" name="elementDisplayedExample" time="0.299"/>
  <testcase classname="automation.HomePageTest" name="mouseHoverExample" time="1.199"/>
  <testcase classname="automation.HomePageTest" name="radioButtonExample" time="0.533"/>
  <testcase classname="automation.HomePageTest" name="suggestionClassExample" time="0.442"/>
  <testcase classname="automation.HomePageTest" name="switchToAlertExample" time="0.79"/>
</testsuite> <!-- Validating the features in the main section of the home page -->
