<?xml version="1.0" encoding="UTF-8"?>
<testng-results ignored="0" total="15" passed="13" failed="2" skipped="0">
  <reporter-output>
  </reporter-output>
  <suite started-at="2022-07-15T14:21:01 PDT" name="Suite" finished-at="2022-07-15T14:23:23 PDT" duration-ms="141556">
    <groups>
    </groups>
    <test started-at="2022-07-15T14:21:01 PDT" name="Validating the links in the navigation bar" finished-at="2022-07-15T14:21:27 PDT" duration-ms="26117">
      <class name="automation.NavBarTest">
        <test-method is-config="true" signature="initializeDriver()[pri:0, instance:automation.NavBarTest@670002]" started-at="2022-07-15T14:21:01 PDT" name="initializeDriver" finished-at="2022-07-15T14:21:17 PDT" duration-ms="16328" status="PASS">
          <reporter-output>
          </reporter-output>
        </test-method> <!-- initializeDriver -->
        <test-method signature="validateBlinkingText()[pri:0, instance:automation.NavBarTest@670002]" started-at="2022-07-15T14:21:17 PDT" name="validateBlinkingText" finished-at="2022-07-15T14:21:19 PDT" duration-ms="1120" status="FAIL">
          <exception class="org.openqa.selenium.WebDriverException">
            <message>
              <![CDATA[unknown error: cannot determine loading status
from unknown error: unexpected command response
  (Session info: chrome=103.0.5060.114)
Build info: version: '4.2.1', revision: 'ac4d0fdd4a'
System info: host: 'Marias-MacBook-Pro.local', ip: 'fe80:0:0:0:8d1:4110:e4ef:5840%en0', os.name: 'Mac OS X', os.arch: 'x86_64', os.version: '12.4', java.version: '17.0.3'
Driver info: org.openqa.selenium.chrome.ChromeDriver
Command: [15018ee9ee7aebbdc79fd6649c1cba95, clickElement {id=93ff4527-79b1-4274-9358-f80e3f995b61}]
Capabilities {acceptInsecureCerts: false, browserName: chrome, browserVersion: 103.0.5060.114, chrome: {chromedriverVersion: 103.0.5060.53 (a1711811edd7..., userDataDir: /var/folders/rf/b62c7cm55x1...}, goog:chromeOptions: {debuggerAddress: localhost:50635}, networkConnectionEnabled: false, pageLoadStrategy: normal, platformName: MAC, proxy: Proxy(), se:cdp: ws://localhost:50635/devtoo..., se:cdpVersion: 103.0.5060.114, setWindowRect: true, strictFileInteractability: false, timeouts: {implicit: 0, pageLoad: 300000, script: 30000}, unhandledPromptBehavior: dismiss and notify, webauthn:extension:credBlob: true, webauthn:extension:largeBlob: true, webauthn:virtualAuthenticators: true}
Element: [[ChromeDriver: chrome on MAC (15018ee9ee7aebbdc79fd6649c1cba95)] -> link text: Free Access to InterviewQues/ResumeAssistance/Material]
Session ID: 15018ee9ee7aebbdc79fd6649c1cba95]]>
            </message>
            <full-stacktrace>
              <![CDATA[org.openqa.selenium.WebDriverException: unknown error: cannot determine loading status
from unknown error: unexpected command response
  (Session info: chrome=103.0.5060.114)
Build info: version: '4.2.1', revision: 'ac4d0fdd4a'
System info: host: 'Marias-MacBook-Pro.local', ip: 'fe80:0:0:0:8d1:4110:e4ef:5840%en0', os.name: 'Mac OS X', os.arch: 'x86_64', os.version: '12.4', java.version: '17.0.3'
Driver info: org.openqa.selenium.chrome.ChromeDriver
Command: [15018ee9ee7aebbdc79fd6649c1cba95, clickElement {id=93ff4527-79b1-4274-9358-f80e3f995b61}]
Capabilities {acceptInsecureCerts: false, browserName: chrome, browserVersion: 103.0.5060.114, chrome: {chromedriverVersion: 103.0.5060.53 (a1711811edd7..., userDataDir: /var/folders/rf/b62c7cm55x1...}, goog:chromeOptions: {debuggerAddress: localhost:50635}, networkConnectionEnabled: false, pageLoadStrategy: normal, platformName: MAC, proxy: Proxy(), se:cdp: ws://localhost:50635/devtoo..., se:cdpVersion: 103.0.5060.114, setWindowRect: true, strictFileInteractability: false, timeouts: {implicit: 0, pageLoad: 300000, script: 30000}, unhandledPromptBehavior: dismiss and notify, webauthn:extension:credBlob: true, webauthn:extension:largeBlob: true, webauthn:virtualAuthenticators: true}
Element: [[ChromeDriver: chrome on MAC (15018ee9ee7aebbdc79fd6649c1cba95)] -> link text: Free Access to InterviewQues/ResumeAssistance/Material]
Session ID: 15018ee9ee7aebbdc79fd6649c1cba95
at java.base/jdk.internal.reflect.NativeConstructorAccessorImpl.newInstance0(Native Method)
at java.base/jdk.internal.reflect.NativeConstructorAccessorImpl.newInstance(NativeConstructorAccessorImpl.java:77)
at java.base/jdk.internal.reflect.DelegatingConstructorAccessorImpl.newInstance(DelegatingConstructorAccessorImpl.java:45)
at java.base/java.lang.reflect.Constructor.newInstanceWithCaller(Constructor.java:499)
at java.base/java.lang.reflect.Constructor.newInstance(Constructor.java:480)
at org.openqa.selenium.remote.codec.w3c.W3CHttpResponseCodec.createException(W3CHttpResponseCodec.java:200)
at org.openqa.selenium.remote.codec.w3c.W3CHttpResponseCodec.decode(W3CHttpResponseCodec.java:133)
at org.openqa.selenium.remote.codec.w3c.W3CHttpResponseCodec.decode(W3CHttpResponseCodec.java:53)
at org.openqa.selenium.remote.HttpCommandExecutor.execute(HttpCommandExecutor.java:184)
at org.openqa.selenium.remote.service.DriverCommandExecutor.invokeExecute(DriverCommandExecutor.java:167)
at org.openqa.selenium.remote.service.DriverCommandExecutor.execute(DriverCommandExecutor.java:142)
at org.openqa.selenium.remote.RemoteWebDriver.execute(RemoteWebDriver.java:551)
at org.openqa.selenium.remote.RemoteWebElement.execute(RemoteWebElement.java:257)
at org.openqa.selenium.remote.RemoteWebElement.click(RemoteWebElement.java:78)
at automation.NavBarTest.validateBlinkingText(NavBarTest.java:35)
at java.base/jdk.internal.reflect.NativeMethodAccessorImpl.invoke0(Native Method)
at java.base/jdk.internal.reflect.NativeMethodAccessorImpl.invoke(NativeMethodAccessorImpl.java:77)
at java.base/jdk.internal.reflect.DelegatingMethodAccessorImpl.invoke(DelegatingMethodAccessorImpl.java:43)
at java.base/java.lang.reflect.Method.invoke(Method.java:568)
at org.testng.internal.invokers.MethodInvocationHelper.invokeMethod(MethodInvocationHelper.java:139)
at org.testng.internal.invokers.TestInvoker.invokeMethod(TestInvoker.java:677)
at org.testng.internal.invokers.TestInvoker.invokeTestMethod(TestInvoker.java:221)
at org.testng.internal.invokers.MethodRunner.runInSequence(MethodRunner.java:50)
at org.testng.internal.invokers.TestInvoker$MethodInvocationAgent.invoke(TestInvoker.java:962)
at org.testng.internal.invokers.TestInvoker.invokeTestMethods(TestInvoker.java:194)
at org.testng.internal.invokers.TestMethodWorker.invokeTestMethods(TestMethodWorker.java:148)
at org.testng.internal.invokers.TestMethodWorker.run(TestMethodWorker.java:128)
at java.base/java.util.ArrayList.forEach(ArrayList.java:1511)
at org.testng.TestRunner.privateRun(TestRunner.java:806)
at org.testng.TestRunner.run(TestRunner.java:601)
at org.testng.SuiteRunner.runTest(SuiteRunner.java:433)
at org.testng.SuiteRunner.runSequentially(SuiteRunner.java:427)
at org.testng.SuiteRunner.privateRun(SuiteRunner.java:387)
at org.testng.SuiteRunner.run(SuiteRunner.java:330)
at org.testng.SuiteRunnerWorker.runSuite(SuiteRunnerWorker.java:52)
at org.testng.SuiteRunnerWorker.run(SuiteRunnerWorker.java:95)
at org.testng.TestNG.runSuitesSequentially(TestNG.java:1256)
at org.testng.TestNG.runSuitesLocally(TestNG.java:1176)
at org.testng.TestNG.runSuites(TestNG.java:1099)
at org.testng.TestNG.run(TestNG.java:1067)
at org.apache.maven.surefire.testng.TestNGExecutor.run(TestNGExecutor.java:324)
at org.apache.maven.surefire.testng.TestNGXmlTestSuite.execute(TestNGXmlTestSuite.java:74)
at org.apache.maven.surefire.testng.TestNGProvider.invoke(TestNGProvider.java:123)
at org.apache.maven.surefire.booter.ForkedBooter.runSuitesInProcess(ForkedBooter.java:456)
at org.apache.maven.surefire.booter.ForkedBooter.execute(ForkedBooter.java:169)
at org.apache.maven.surefire.booter.ForkedBooter.run(ForkedBooter.java:595)
at org.apache.maven.surefire.booter.ForkedBooter.main(ForkedBooter.java:581)
]]>
            </full-stacktrace>
          </exception> <!-- org.openqa.selenium.WebDriverException -->
          <reporter-output>
          </reporter-output>
        </test-method> <!-- validateBlinkingText -->
        <test-method is-config="true" signature="back()[pri:0, instance:automation.NavBarTest@670002]" started-at="2022-07-15T14:21:19 PDT" name="back" finished-at="2022-07-15T14:21:23 PDT" duration-ms="4848" status="PASS">
          <reporter-output>
          </reporter-output>
        </test-method> <!-- back -->
        <test-method signature="validateClickableLogo()[pri:0, instance:automation.NavBarTest@670002]" started-at="2022-07-15T14:21:23 PDT" name="validateClickableLogo" finished-at="2022-07-15T14:21:24 PDT" duration-ms="976" status="PASS">
          <reporter-output>
          </reporter-output>
        </test-method> <!-- validateClickableLogo -->
        <test-method is-config="true" signature="back()[pri:0, instance:automation.NavBarTest@670002]" started-at="2022-07-15T14:21:24 PDT" name="back" finished-at="2022-07-15T14:21:25 PDT" duration-ms="474" status="PASS">
          <reporter-output>
          </reporter-output>
        </test-method> <!-- back -->
        <test-method signature="validateHomeButton()[pri:0, instance:automation.NavBarTest@670002]" started-at="2022-07-15T14:21:25 PDT" name="validateHomeButton" finished-at="2022-07-15T14:21:25 PDT" duration-ms="396" status="FAIL">
          <exception class="org.openqa.selenium.WebDriverException">
            <message>
              <![CDATA[unknown error: cannot determine loading status
from unknown error: unexpected command response
  (Session info: chrome=103.0.5060.114)
Build info: version: '4.2.1', revision: 'ac4d0fdd4a'
System info: host: 'Marias-MacBook-Pro.local', ip: 'fe80:0:0:0:8d1:4110:e4ef:5840%en0', os.name: 'Mac OS X', os.arch: 'x86_64', os.version: '12.4', java.version: '17.0.3'
Driver info: org.openqa.selenium.chrome.ChromeDriver
Command: [15018ee9ee7aebbdc79fd6649c1cba95, clickElement {id=24189667-00d1-42ac-a476-994b0bf53855}]
Capabilities {acceptInsecureCerts: false, browserName: chrome, browserVersion: 103.0.5060.114, chrome: {chromedriverVersion: 103.0.5060.53 (a1711811edd7..., userDataDir: /var/folders/rf/b62c7cm55x1...}, goog:chromeOptions: {debuggerAddress: localhost:50635}, networkConnectionEnabled: false, pageLoadStrategy: normal, platformName: MAC, proxy: Proxy(), se:cdp: ws://localhost:50635/devtoo..., se:cdpVersion: 103.0.5060.114, setWindowRect: true, strictFileInteractability: false, timeouts: {implicit: 0, pageLoad: 300000, script: 30000}, unhandledPromptBehavior: dismiss and notify, webauthn:extension:credBlob: true, webauthn:extension:largeBlob: true, webauthn:virtualAuthenticators: true}
Element: [[ChromeDriver: chrome on MAC (15018ee9ee7aebbdc79fd6649c1cba95)] -> xpath: //button[contains(text(),'Home')]]
Session ID: 15018ee9ee7aebbdc79fd6649c1cba95]]>
            </message>
            <full-stacktrace>
              <![CDATA[org.openqa.selenium.WebDriverException: unknown error: cannot determine loading status
from unknown error: unexpected command response
  (Session info: chrome=103.0.5060.114)
Build info: version: '4.2.1', revision: 'ac4d0fdd4a'
System info: host: 'Marias-MacBook-Pro.local', ip: 'fe80:0:0:0:8d1:4110:e4ef:5840%en0', os.name: 'Mac OS X', os.arch: 'x86_64', os.version: '12.4', java.version: '17.0.3'
Driver info: org.openqa.selenium.chrome.ChromeDriver
Command: [15018ee9ee7aebbdc79fd6649c1cba95, clickElement {id=24189667-00d1-42ac-a476-994b0bf53855}]
Capabilities {acceptInsecureCerts: false, browserName: chrome, browserVersion: 103.0.5060.114, chrome: {chromedriverVersion: 103.0.5060.53 (a1711811edd7..., userDataDir: /var/folders/rf/b62c7cm55x1...}, goog:chromeOptions: {debuggerAddress: localhost:50635}, networkConnectionEnabled: false, pageLoadStrategy: normal, platformName: MAC, proxy: Proxy(), se:cdp: ws://localhost:50635/devtoo..., se:cdpVersion: 103.0.5060.114, setWindowRect: true, strictFileInteractability: false, timeouts: {implicit: 0, pageLoad: 300000, script: 30000}, unhandledPromptBehavior: dismiss and notify, webauthn:extension:credBlob: true, webauthn:extension:largeBlob: true, webauthn:virtualAuthenticators: true}
Element: [[ChromeDriver: chrome on MAC (15018ee9ee7aebbdc79fd6649c1cba95)] -> xpath: //button[contains(text(),'Home')]]
Session ID: 15018ee9ee7aebbdc79fd6649c1cba95
at java.base/jdk.internal.reflect.NativeConstructorAccessorImpl.newInstance0(Native Method)
at java.base/jdk.internal.reflect.NativeConstructorAccessorImpl.newInstance(NativeConstructorAccessorImpl.java:77)
at java.base/jdk.internal.reflect.DelegatingConstructorAccessorImpl.newInstance(DelegatingConstructorAccessorImpl.java:45)
at java.base/java.lang.reflect.Constructor.newInstanceWithCaller(Constructor.java:499)
at java.base/java.lang.reflect.Constructor.newInstance(Constructor.java:480)
at org.openqa.selenium.remote.codec.w3c.W3CHttpResponseCodec.createException(W3CHttpResponseCodec.java:200)
at org.openqa.selenium.remote.codec.w3c.W3CHttpResponseCodec.decode(W3CHttpResponseCodec.java:133)
at org.openqa.selenium.remote.codec.w3c.W3CHttpResponseCodec.decode(W3CHttpResponseCodec.java:53)
at org.openqa.selenium.remote.HttpCommandExecutor.execute(HttpCommandExecutor.java:184)
at org.openqa.selenium.remote.service.DriverCommandExecutor.invokeExecute(DriverCommandExecutor.java:167)
at org.openqa.selenium.remote.service.DriverCommandExecutor.execute(DriverCommandExecutor.java:142)
at org.openqa.selenium.remote.RemoteWebDriver.execute(RemoteWebDriver.java:551)
at org.openqa.selenium.remote.RemoteWebElement.execute(RemoteWebElement.java:257)
at org.openqa.selenium.remote.RemoteWebElement.click(RemoteWebElement.java:78)
at automation.NavBarTest.validateHomeButton(NavBarTest.java:52)
at java.base/jdk.internal.reflect.NativeMethodAccessorImpl.invoke0(Native Method)
at java.base/jdk.internal.reflect.NativeMethodAccessorImpl.invoke(NativeMethodAccessorImpl.java:77)
at java.base/jdk.internal.reflect.DelegatingMethodAccessorImpl.invoke(DelegatingMethodAccessorImpl.java:43)
at java.base/java.lang.reflect.Method.invoke(Method.java:568)
at org.testng.internal.invokers.MethodInvocationHelper.invokeMethod(MethodInvocationHelper.java:139)
at org.testng.internal.invokers.TestInvoker.invokeMethod(TestInvoker.java:677)
at org.testng.internal.invokers.TestInvoker.invokeTestMethod(TestInvoker.java:221)
at org.testng.internal.invokers.MethodRunner.runInSequence(MethodRunner.java:50)
at org.testng.internal.invokers.TestInvoker$MethodInvocationAgent.invoke(TestInvoker.java:962)
at org.testng.internal.invokers.TestInvoker.invokeTestMethods(TestInvoker.java:194)
at org.testng.internal.invokers.TestMethodWorker.invokeTestMethods(TestMethodWorker.java:148)
at org.testng.internal.invokers.TestMethodWorker.run(TestMethodWorker.java:128)
at java.base/java.util.ArrayList.forEach(ArrayList.java:1511)
at org.testng.TestRunner.privateRun(TestRunner.java:806)
at org.testng.TestRunner.run(TestRunner.java:601)
at org.testng.SuiteRunner.runTest(SuiteRunner.java:433)
at org.testng.SuiteRunner.runSequentially(SuiteRunner.java:427)
at org.testng.SuiteRunner.privateRun(SuiteRunner.java:387)
at org.testng.SuiteRunner.run(SuiteRunner.java:330)
at org.testng.SuiteRunnerWorker.runSuite(SuiteRunnerWorker.java:52)
at org.testng.SuiteRunnerWorker.run(SuiteRunnerWorker.java:95)
at org.testng.TestNG.runSuitesSequentially(TestNG.java:1256)
at org.testng.TestNG.runSuitesLocally(TestNG.java:1176)
at org.testng.TestNG.runSuites(TestNG.java:1099)
at org.testng.TestNG.run(TestNG.java:1067)
at org.apache.maven.surefire.testng.TestNGExecutor.run(TestNGExecutor.java:324)
at org.apache.maven.surefire.testng.TestNGXmlTestSuite.execute(TestNGXmlTestSuite.java:74)
at org.apache.maven.surefire.testng.TestNGProvider.invoke(TestNGProvider.java:123)
at org.apache.maven.surefire.booter.ForkedBooter.runSuitesInProcess(ForkedBooter.java:456)
at org.apache.maven.surefire.booter.ForkedBooter.execute(ForkedBooter.java:169)
at org.apache.maven.surefire.booter.ForkedBooter.run(ForkedBooter.java:595)
at org.apache.maven.surefire.booter.ForkedBooter.main(ForkedBooter.java:581)
]]>
            </full-stacktrace>
          </exception> <!-- org.openqa.selenium.WebDriverException -->
          <reporter-output>
          </reporter-output>
        </test-method> <!-- validateHomeButton -->
        <test-method is-config="true" signature="back()[pri:0, instance:automation.NavBarTest@670002]" started-at="2022-07-15T14:21:25 PDT" name="back" finished-at="2022-07-15T14:21:26 PDT" duration-ms="773" status="PASS">
          <reporter-output>
          </reporter-output>
        </test-method> <!-- back -->
        <test-method is-config="true" signature="closeDown()[pri:0, instance:automation.NavBarTest@670002]" started-at="2022-07-15T14:21:26 PDT" name="closeDown" finished-at="2022-07-15T14:21:27 PDT" duration-ms="1139" status="PASS">
          <reporter-output>
          </reporter-output>
        </test-method> <!-- closeDown -->
      </class> <!-- automation.NavBarTest -->
    </test> <!-- Validating the links in the navigation bar -->
    <test started-at="2022-07-15T14:21:32 PDT" name="Validating the features in the main section of the home page" finished-at="2022-07-15T14:21:46 PDT" duration-ms="13854">
      <class name="automation.HomePageTest">
        <test-method is-config="true" signature="initializeDriver()[pri:0, instance:automation.HomePageTest@6e4784bc]" started-at="2022-07-15T14:21:32 PDT" name="initializeDriver" finished-at="2022-07-15T14:21:41 PDT" duration-ms="8890" status="PASS">
          <reporter-output>
          </reporter-output>
        </test-method> <!-- initializeDriver -->
        <test-method signature="checkBoxExample()[pri:0, instance:automation.HomePageTest@6e4784bc]" started-at="2022-07-15T14:21:41 PDT" name="checkBoxExample" finished-at="2022-07-15T14:21:42 PDT" duration-ms="342" status="PASS">
          <reporter-output>
          </reporter-output>
        </test-method> <!-- checkBoxExample -->
        <test-method signature="dropDownExample()[pri:0, instance:automation.HomePageTest@6e4784bc]" started-at="2022-07-15T14:21:42 PDT" name="dropDownExample" finished-at="2022-07-15T14:21:42 PDT" duration-ms="471" status="PASS">
          <reporter-output>
          </reporter-output>
        </test-method> <!-- dropDownExample -->
        <test-method signature="elementDisplayedExample()[pri:0, instance:automation.HomePageTest@6e4784bc]" started-at="2022-07-15T14:21:42 PDT" name="elementDisplayedExample" finished-at="2022-07-15T14:21:42 PDT" duration-ms="283" status="PASS">
          <reporter-output>
          </reporter-output>
        </test-method> <!-- elementDisplayedExample -->
        <test-method signature="mouseHoverExample()[pri:0, instance:automation.HomePageTest@6e4784bc]" started-at="2022-07-15T14:21:42 PDT" name="mouseHoverExample" finished-at="2022-07-15T14:21:44 PDT" duration-ms="1252" status="PASS">
          <reporter-output>
          </reporter-output>
        </test-method> <!-- mouseHoverExample -->
        <test-method signature="radioButtonExample()[pri:0, instance:automation.HomePageTest@6e4784bc]" started-at="2022-07-15T14:21:44 PDT" name="radioButtonExample" finished-at="2022-07-15T14:21:44 PDT" duration-ms="344" status="PASS">
          <reporter-output>
          </reporter-output>
        </test-method> <!-- radioButtonExample -->
        <test-method signature="suggestionClassExample()[pri:0, instance:automation.HomePageTest@6e4784bc]" started-at="2022-07-15T14:21:44 PDT" name="suggestionClassExample" finished-at="2022-07-15T14:21:44 PDT" duration-ms="432" status="PASS">
          <reporter-output>
          </reporter-output>
        </test-method> <!-- suggestionClassExample -->
        <test-method signature="switchToAlertExample()[pri:0, instance:automation.HomePageTest@6e4784bc]" started-at="2022-07-15T14:21:44 PDT" name="switchToAlertExample" finished-at="2022-07-15T14:21:45 PDT" duration-ms="718" status="PASS">
          <reporter-output>
          </reporter-output>
        </test-method> <!-- switchToAlertExample -->
        <test-method is-config="true" signature="closeDown()[pri:0, instance:automation.HomePageTest@6e4784bc]" started-at="2022-07-15T14:21:45 PDT" name="closeDown" finished-at="2022-07-15T14:21:46 PDT" duration-ms="1115" status="PASS">
          <reporter-output>
          </reporter-output>
        </test-method> <!-- closeDown -->
      </class> <!-- automation.HomePageTest -->
    </test> <!-- Validating the features in the main section of the home page -->
    <test started-at="2022-07-15T14:21:51 PDT" name="Validating the web tables on the home page" finished-at="2022-07-15T14:22:01 PDT" duration-ms="9866">
      <class name="automation.WebTablesTest">
        <test-method is-config="true" signature="initializeDriver()[pri:0, instance:automation.WebTablesTest@353d0772]" started-at="2022-07-15T14:21:51 PDT" name="initializeDriver" finished-at="2022-07-15T14:22:00 PDT" duration-ms="8428" status="PASS">
          <reporter-output>
          </reporter-output>
        </test-method> <!-- initializeDriver -->
        <test-method signature="webTableExample()[pri:0, instance:automation.WebTablesTest@353d0772]" started-at="2022-07-15T14:22:00 PDT" name="webTableExample" finished-at="2022-07-15T14:22:00 PDT" duration-ms="327" status="PASS">
          <reporter-output>
          </reporter-output>
        </test-method> <!-- webTableExample -->
        <test-method is-config="true" signature="closeDown()[pri:0, instance:automation.WebTablesTest@353d0772]" started-at="2022-07-15T14:22:00 PDT" name="closeDown" finished-at="2022-07-15T14:22:01 PDT" duration-ms="1109" status="PASS">
          <reporter-output>
          </reporter-output>
        </test-method> <!-- closeDown -->
      </class> <!-- automation.WebTablesTest -->
    </test> <!-- Validating the web tables on the home page -->
    <test started-at="2022-07-15T14:22:06 PDT" name="Validating the iframe section on the home page" finished-at="2022-07-15T14:22:16 PDT" duration-ms="9777">
      <class name="automation.IFrameTest">
        <test-method is-config="true" signature="initializeDriver()[pri:0, instance:automation.IFrameTest@64cd705f]" started-at="2022-07-15T14:22:06 PDT" name="initializeDriver" finished-at="2022-07-15T14:22:15 PDT" duration-ms="8528" status="PASS">
          <reporter-output>
          </reporter-output>
        </test-method> <!-- initializeDriver -->
        <test-method signature="validateIFrame()[pri:0, instance:automation.IFrameTest@64cd705f]" started-at="2022-07-15T14:22:15 PDT" name="validateIFrame" finished-at="2022-07-15T14:22:15 PDT" duration-ms="140" status="PASS">
          <reporter-output>
          </reporter-output>
        </test-method> <!-- validateIFrame -->
        <test-method is-config="true" signature="closeDown()[pri:0, instance:automation.IFrameTest@64cd705f]" started-at="2022-07-15T14:22:15 PDT" name="closeDown" finished-at="2022-07-15T14:22:16 PDT" duration-ms="1107" status="PASS">
          <reporter-output>
          </reporter-output>
        </test-method> <!-- closeDown -->
      </class> <!-- automation.IFrameTest -->
    </test> <!-- Validating the iframe section on the home page -->
    <test started-at="2022-07-15T14:22:21 PDT" name="Validating the opening of new tabs" finished-at="2022-07-15T14:22:31 PDT" duration-ms="10288">
      <class name="automation.SwitchTabTest">
        <test-method is-config="true" signature="initializeDriver()[pri:0, instance:automation.SwitchTabTest@63355449]" started-at="2022-07-15T14:22:21 PDT" name="initializeDriver" finished-at="2022-07-15T14:22:29 PDT" duration-ms="8176" status="PASS">
          <reporter-output>
          </reporter-output>
        </test-method> <!-- initializeDriver -->
        <test-method signature="switchTabExample()[pri:0, instance:automation.SwitchTabTest@63355449]" started-at="2022-07-15T14:22:29 PDT" name="switchTabExample" finished-at="2022-07-15T14:22:30 PDT" duration-ms="997" status="PASS">
          <reporter-output>
          </reporter-output>
        </test-method> <!-- switchTabExample -->
        <test-method is-config="true" signature="closeDown()[pri:0, instance:automation.SwitchTabTest@63355449]" started-at="2022-07-15T14:22:30 PDT" name="closeDown" finished-at="2022-07-15T14:22:31 PDT" duration-ms="1114" status="PASS">
          <reporter-output>
          </reporter-output>
        </test-method> <!-- closeDown -->
      </class> <!-- automation.SwitchTabTest -->
    </test> <!-- Validating the opening of new tabs -->
    <test started-at="2022-07-15T14:22:36 PDT" name="Validating the opening of new windows" finished-at="2022-07-15T14:23:04 PDT" duration-ms="28284">
      <class name="automation.SwitchWindowTest">
        <test-method is-config="true" signature="initializeDriver()[pri:0, instance:automation.SwitchWindowTest@c267ef4]" started-at="2022-07-15T14:22:36 PDT" name="initializeDriver" finished-at="2022-07-15T14:22:45 PDT" duration-ms="8415" status="PASS">
          <reporter-output>
          </reporter-output>
        </test-method> <!-- initializeDriver -->
        <test-method signature="switchWindowExample()[pri:0, instance:automation.SwitchWindowTest@c267ef4]" started-at="2022-07-15T14:22:45 PDT" name="switchWindowExample" finished-at="2022-07-15T14:23:03 PDT" duration-ms="18734" status="PASS">
          <reporter-output>
          </reporter-output>
        </test-method> <!-- switchWindowExample -->
        <test-method is-config="true" signature="closeDown()[pri:0, instance:automation.SwitchWindowTest@c267ef4]" started-at="2022-07-15T14:23:03 PDT" name="closeDown" finished-at="2022-07-15T14:23:04 PDT" duration-ms="1134" status="PASS">
          <reporter-output>
          </reporter-output>
        </test-method> <!-- closeDown -->
      </class> <!-- automation.SwitchWindowTest -->
    </test> <!-- Validating the opening of new windows -->
    <test started-at="2022-07-15T14:23:09 PDT" name="Validating the links in the footer section" finished-at="2022-07-15T14:23:23 PDT" duration-ms="13272">
      <class name="automation.FooterLinksTest">
        <test-method is-config="true" signature="initializeDriver()[pri:0, instance:automation.FooterLinksTest@1139b2f3]" started-at="2022-07-15T14:23:09 PDT" name="initializeDriver" finished-at="2022-07-15T14:23:18 PDT" duration-ms="8178" status="PASS">
          <reporter-output>
          </reporter-output>
        </test-method> <!-- initializeDriver -->
        <test-method signature="verifyFooterLinks()[pri:0, instance:automation.FooterLinksTest@1139b2f3]" started-at="2022-07-15T14:23:18 PDT" name="verifyFooterLinks" finished-at="2022-07-15T14:23:22 PDT" duration-ms="3937" status="PASS">
          <reporter-output>
          </reporter-output>
        </test-method> <!-- verifyFooterLinks -->
        <test-method is-config="true" signature="closeDown()[pri:0, instance:automation.FooterLinksTest@1139b2f3]" started-at="2022-07-15T14:23:22 PDT" name="closeDown" finished-at="2022-07-15T14:23:23 PDT" duration-ms="1155" status="PASS">
          <reporter-output>
          </reporter-output>
        </test-method> <!-- closeDown -->
      </class> <!-- automation.FooterLinksTest -->
    </test> <!-- Validating the links in the footer section -->
  </suite> <!-- Suite -->
</testng-results>
